Raven 2.4.0 configured not to capture errors: DSN not set
Raven 2.4.0 configured not to capture errors: DSN not set
fe_sendauth: no password supplied
 excluded from capture: DSN not set
Raven 2.4.0 configured not to capture errors: DSN not set
Raven 2.4.0 configured not to capture errors: DSN not set
fe_sendauth: no password supplied
 excluded from capture: DSN not set
Raven 2.4.0 configured not to capture errors: DSN not set
fe_sendauth: no password supplied
 excluded from capture: DSN not set
Raven 2.4.0 configured not to capture errors: DSN not set
fe_sendauth: no password supplied
 excluded from capture: DSN not set
Raven 2.4.0 configured not to capture errors: DSN not set
fe_sendauth: no password supplied
 excluded from capture: DSN not set
Raven 2.4.0 configured not to capture errors: DSN not set
FATAL:  password authentication failed for user "root"
FATAL:  password authentication failed for user "root"
 excluded from capture: DSN not set
Raven 2.4.0 configured not to capture errors: DSN not set
fe_sendauth: no password supplied
 excluded from capture: DSN not set
Raven 2.4.0 configured not to capture errors: DSN not set
FATAL:  database "rails5_development" does not exist
 excluded from capture: DSN not set
Raven 2.4.0 configured not to capture errors: DSN not set
Raven 2.4.0 configured not to capture errors: DSN not set
Raven 2.4.0 configured not to capture errors: DSN not set
